{"caller":"Format.transform (logger.js:4)","level":"info","message":"FFMPEG path: /home/colin/pn/vue-skuilder/df1/node_modules/ffmpeg-static/ffmpeg","timestamp":"2025-08-05T09:57:05.321Z"}
{"caller":"Format.transform (logger.js:4)","level":"info","message":"FFMPEG version: ffmpeg version 6.0-static https://johnvansickle.com/ffmpeg/  Copyright (c) 2000-2023 the FFmpeg developers","timestamp":"2025-08-05T09:57:05.416Z"}
{"caller":"Format.transform (logger.js:4)","level":"info","message":"Following all course databases for changes...","timestamp":"2025-08-05T09:57:13.800Z"}
{"caller":"Format.transform (logger.js:4)","level":"info","message":"Starting initCourseDBDesignDocInsert...","timestamp":"2025-08-05T09:57:13.802Z"}
{"caller":"Format.transform (logger.js:4)","level":"error","message":"Error in initCourseDBDesignDocInsert background task: [object Object]","timestamp":"2025-08-05T09:57:13.869Z"}
{"caller":"Format.transform (logger.js:4)","level":"error","message":"Full error details in initCourseDBDesignDocInsert: {\"error\":\"not_found\",\"reason\":\"Database does not exist.\",\"status\":404,\"name\":\"not_found\",\"message\":\"Database does not exist.\",\"stack\":\"Error\\n    at generateErrorFromResponse (/home/colin/pn/vue-skuilder/df1/node_modules/pouchdb/lib/index.js:553:18)\\n    at fetchJSON (/home/colin/pn/vue-skuilder/df1/node_modules/pouchdb/lib/index.js:6886:19)\\n    at process.processTicksAndRejections (node:internal/process/task_queues:95:5)\\n    at async /home/colin/pn/vue-skuilder/df1/node_modules/pouchdb/lib/index.js:7490:22\"}","timestamp":"2025-08-05T09:57:13.871Z"}
{"caller":"Format.transform (logger.js:4)","level":"warn","message":"Course lookup database not found - skipping platform course discovery","timestamp":"2025-08-05T09:57:13.875Z"}
{"caller":"Format.transform (logger.js:4)","level":"info","message":"PACK_COURSE request from undefined...","timestamp":"2025-08-05T17:55:21.560Z"}
{"caller":"Format.transform (logger.js:4)","level":"info","message":"Studio mode: bypassing authentication for local development","timestamp":"2025-08-05T17:55:21.563Z"}
{"caller":"Format.transform (logger.js:4)","level":"info","message":"Authorized PACK_COURSE request made...","timestamp":"2025-08-05T17:55:21.565Z"}
{"caller":"Format.transform (logger.js:4)","level":"info","message":"Starting PACK_COURSE for unpacked_c01c9577-8f54-4102-9d43-d2ae0591ddd8_20250805_oksk24...","timestamp":"2025-08-05T17:55:21.568Z"}
{"caller":"Format.transform (logger.js:4)","level":"info","message":"Pack request data: {\n  \"courseId\": \"unpacked_c01c9577-8f54-4102-9d43-d2ae0591ddd8_20250805_oksk24\",\n  \"outputPath\": \"./public/static-courses/c01c9577-8f54-4102-9d43-d2ae0591ddd8\",\n  \"couchdbUrl\": \"http://admin:password@localhost:5985/coursedb-unpacked_c01c9577-8f54-4102-9d43-d2ae0591ddd8_20250805_oksk24\"\n}","timestamp":"2025-08-05T17:55:21.572Z"}
{"caller":"Format.transform (logger.js:4)","level":"info","message":"Using provided CouchDB URL: \"http://admin:password@localhost:5985/coursedb-unpacked_c01c9577-8f54-4102-9d43-d2ae0591ddd8_20250805_oksk24\"","timestamp":"2025-08-05T17:55:21.573Z"}
{"caller":"Format.transform (logger.js:4)","level":"info","message":"Packing course unpacked_c01c9577-8f54-4102-9d43-d2ae0591ddd8_20250805_oksk24 from http://admin:password@localhost:5985/coursedb-unpacked_c01c9577-8f54-4102-9d43-d2ae0591ddd8_20250805_oksk24 to /home/colin/pn/vue-skuilder/df1/packages/sk-contributor/public/static-courses/c01c9577-8f54-4102-9d43-d2ae0591ddd8","timestamp":"2025-08-05T17:55:21.575Z"}
{"caller":"Format.transform (logger.js:4)","level":"info","message":"Removing existing directory: /home/colin/pn/vue-skuilder/df1/packages/sk-contributor/public/static-courses/c01c9577-8f54-4102-9d43-d2ae0591ddd8","timestamp":"2025-08-05T17:55:21.583Z"}
{"caller":"Format.transform (logger.js:4)","level":"info","message":"Creating PouchDB instance with URL: http://admin:password@localhost:5985/coursedb-unpacked_c01c9577-8f54-4102-9d43-d2ae0591ddd8_20250805_oksk24","timestamp":"2025-08-05T17:55:21.602Z"}
{"caller":"Format.transform (logger.js:4)","level":"info","message":"PouchDB constructor available: function","timestamp":"2025-08-05T17:55:21.604Z"}
{"caller":"Format.transform (logger.js:4)","level":"info","message":"PouchDB adapters: [\"leveldb\",\"http\",\"https\"]","timestamp":"2025-08-05T17:55:21.606Z"}
{"caller":"Format.transform (logger.js:4)","level":"info","message":"PouchDB instance created, adapter: http","timestamp":"2025-08-05T17:55:21.609Z"}
{"caller":"Format.transform (logger.js:4)","level":"info","message":"Pack completed in 210ms. Attachments: 0, Files written: 6","timestamp":"2025-08-05T17:55:21.780Z"}
{"caller":"Format.transform (logger.js:4)","level":"info","message":"::ffff:127.0.0.1 - - [05/Aug/2025:17:55:21 +0000] \"POST / HTTP/1.1\" 200 223 \"http://localhost:7174/\" \"Mozilla/5.0 (X11; Ubuntu; Linux x86_64; rv:140.0) Gecko/20100101 Firefox/140.0\"","timestamp":"2025-08-05T17:55:21.794Z"}
